<?xml version="1.0" encoding="UTF-8"?>
<testsuite xmlns:xsi="http://www.w3.org/2001/XMLSchema-instance" xsi:noNamespaceSchemaLocation="https://maven.apache.org/surefire/maven-surefire-plugin/xsd/surefire-test-report-3.0.xsd" version="3.0" name="TestSuite" time="10.434" tests="2" errors="0" skipped="0" failures="1">
  <properties>
    <property name="gopherProxySet" value="false"/>
    <property name="awt.toolkit" value="sun.lwawt.macosx.LWCToolkit"/>
    <property name="java.specification.version" value="11"/>
    <property name="webdriver.chrome.driver" value="./Drivers/chromedriver"/>
    <property name="sun.cpu.isalist" value=""/>
    <property name="sun.jnu.encoding" value="UTF-8"/>
    <property name="java.class.path" value="/Users/azarkabeer/Documents/LinkedIn/target/test-classes:/Users/azarkabeer/Documents/LinkedIn/target/classes:/Users/azarkabeer/.m2/repository/org/seleniumhq/selenium/selenium-java/3.141.59/selenium-java-3.141.59.jar:/Users/azarkabeer/.m2/repository/org/seleniumhq/selenium/selenium-api/3.141.59/selenium-api-3.141.59.jar:/Users/azarkabeer/.m2/repository/org/seleniumhq/selenium/selenium-chrome-driver/3.141.59/selenium-chrome-driver-3.141.59.jar:/Users/azarkabeer/.m2/repository/org/seleniumhq/selenium/selenium-edge-driver/3.141.59/selenium-edge-driver-3.141.59.jar:/Users/azarkabeer/.m2/repository/org/seleniumhq/selenium/selenium-firefox-driver/3.141.59/selenium-firefox-driver-3.141.59.jar:/Users/azarkabeer/.m2/repository/org/seleniumhq/selenium/selenium-ie-driver/3.141.59/selenium-ie-driver-3.141.59.jar:/Users/azarkabeer/.m2/repository/org/seleniumhq/selenium/selenium-opera-driver/3.141.59/selenium-opera-driver-3.141.59.jar:/Users/azarkabeer/.m2/repository/org/seleniumhq/selenium/selenium-remote-driver/3.141.59/selenium-remote-driver-3.141.59.jar:/Users/azarkabeer/.m2/repository/org/seleniumhq/selenium/selenium-safari-driver/3.141.59/selenium-safari-driver-3.141.59.jar:/Users/azarkabeer/.m2/repository/org/seleniumhq/selenium/selenium-support/3.141.59/selenium-support-3.141.59.jar:/Users/azarkabeer/.m2/repository/net/bytebuddy/byte-buddy/1.8.15/byte-buddy-1.8.15.jar:/Users/azarkabeer/.m2/repository/org/apache/commons/commons-exec/1.3/commons-exec-1.3.jar:/Users/azarkabeer/.m2/repository/com/google/guava/guava/25.0-jre/guava-25.0-jre.jar:/Users/azarkabeer/.m2/repository/com/google/code/findbugs/jsr305/1.3.9/jsr305-1.3.9.jar:/Users/azarkabeer/.m2/repository/org/checkerframework/checker-compat-qual/2.0.0/checker-compat-qual-2.0.0.jar:/Users/azarkabeer/.m2/repository/com/google/errorprone/error_prone_annotations/2.1.3/error_prone_annotations-2.1.3.jar:/Users/azarkabeer/.m2/repository/com/google/j2objc/j2objc-annotations/1.1/j2objc-annotations-1.1.jar:/Users/azarkabeer/.m2/repository/org/codehaus/mojo/animal-sniffer-annotations/1.14/animal-sniffer-annotations-1.14.jar:/Users/azarkabeer/.m2/repository/com/squareup/okhttp3/okhttp/3.11.0/okhttp-3.11.0.jar:/Users/azarkabeer/.m2/repository/com/squareup/okio/okio/1.14.0/okio-1.14.0.jar:/Users/azarkabeer/.m2/repository/org/testng/testng/6.14.3/testng-6.14.3.jar:/Users/azarkabeer/.m2/repository/com/beust/jcommander/1.72/jcommander-1.72.jar:/Users/azarkabeer/.m2/repository/org/apache-extras/beanshell/bsh/2.0b6/bsh-2.0b6.jar:/Users/azarkabeer/.m2/repository/junit/junit/4.12/junit-4.12.jar:/Users/azarkabeer/.m2/repository/org/hamcrest/hamcrest-core/1.3/hamcrest-core-1.3.jar:/Users/azarkabeer/.m2/repository/log4j/log4j/1.2.17/log4j-1.2.17.jar:/Users/azarkabeer/.m2/repository/com/aventstack/extentreports/4.1.5/extentreports-4.1.5.jar:/Users/azarkabeer/.m2/repository/org/freemarker/freemarker/2.3.29/freemarker-2.3.29.jar:/Users/azarkabeer/.m2/repository/org/apache/httpcomponents/httpclient/4.5.2/httpclient-4.5.2.jar:/Users/azarkabeer/.m2/repository/org/apache/httpcomponents/httpcore/4.4.4/httpcore-4.4.4.jar:/Users/azarkabeer/.m2/repository/commons-logging/commons-logging/1.2/commons-logging-1.2.jar:/Users/azarkabeer/.m2/repository/commons-codec/commons-codec/1.9/commons-codec-1.9.jar:/Users/azarkabeer/.m2/repository/org/apache/httpcomponents/httpmime/4.5.2/httpmime-4.5.2.jar:/Users/azarkabeer/.m2/repository/com/google/code/gson/gson/2.8.6/gson-2.8.6.jar:/Users/azarkabeer/.m2/repository/org/mongodb/mongodb-driver/3.12.0/mongodb-driver-3.12.0.jar:/Users/azarkabeer/.m2/repository/org/mongodb/mongodb-driver-core/3.12.0/mongodb-driver-core-3.12.0.jar:/Users/azarkabeer/.m2/repository/org/mongodb/bson/3.12.0/bson-3.12.0.jar:/Users/azarkabeer/.m2/repository/org/apache/maven/plugins/maven-compiler-plugin/3.8.0/maven-compiler-plugin-3.8.0.jar:/Users/azarkabeer/.m2/repository/org/apache/maven/maven-plugin-api/3.0/maven-plugin-api-3.0.jar:/Users/azarkabeer/.m2/repository/org/apache/maven/maven-model/3.0/maven-model-3.0.jar:/Users/azarkabeer/.m2/repository/org/sonatype/sisu/sisu-inject-plexus/1.4.2/sisu-inject-plexus-1.4.2.jar:/Users/azarkabeer/.m2/repository/org/sonatype/sisu/sisu-inject-bean/1.4.2/sisu-inject-bean-1.4.2.jar:/Users/azarkabeer/.m2/repository/org/sonatype/sisu/sisu-guice/2.1.7/sisu-guice-2.1.7-noaop.jar:/Users/azarkabeer/.m2/repository/org/apache/maven/maven-artifact/3.0/maven-artifact-3.0.jar:/Users/azarkabeer/.m2/repository/org/codehaus/plexus/plexus-utils/2.0.4/plexus-utils-2.0.4.jar:/Users/azarkabeer/.m2/repository/org/apache/maven/maven-core/3.0/maven-core-3.0.jar:/Users/azarkabeer/.m2/repository/org/apache/maven/maven-settings/3.0/maven-settings-3.0.jar:/Users/azarkabeer/.m2/repository/org/apache/maven/maven-settings-builder/3.0/maven-settings-builder-3.0.jar:/Users/azarkabeer/.m2/repository/org/apache/maven/maven-repository-metadata/3.0/maven-repository-metadata-3.0.jar:/Users/azarkabeer/.m2/repository/org/apache/maven/maven-model-builder/3.0/maven-model-builder-3.0.jar:/Users/azarkabeer/.m2/repository/org/apache/maven/maven-aether-provider/3.0/maven-aether-provider-3.0.jar:/Users/azarkabeer/.m2/repository/org/sonatype/aether/aether-impl/1.7/aether-impl-1.7.jar:/Users/azarkabeer/.m2/repository/org/sonatype/aether/aether-spi/1.7/aether-spi-1.7.jar:/Users/azarkabeer/.m2/repository/org/sonatype/aether/aether-api/1.7/aether-api-1.7.jar:/Users/azarkabeer/.m2/repository/org/sonatype/aether/aether-util/1.7/aether-util-1.7.jar:/Users/azarkabeer/.m2/repository/org/codehaus/plexus/plexus-interpolation/1.14/plexus-interpolation-1.14.jar:/Users/azarkabeer/.m2/repository/org/codehaus/plexus/plexus-classworlds/2.2.3/plexus-classworlds-2.2.3.jar:/Users/azarkabeer/.m2/repository/org/codehaus/plexus/plexus-component-annotations/1.5.5/plexus-component-annotations-1.5.5.jar:/Users/azarkabeer/.m2/repository/org/sonatype/plexus/plexus-sec-dispatcher/1.3/plexus-sec-dispatcher-1.3.jar:/Users/azarkabeer/.m2/repository/org/sonatype/plexus/plexus-cipher/1.4/plexus-cipher-1.4.jar:/Users/azarkabeer/.m2/repository/org/apache/maven/shared/maven-shared-utils/3.2.1/maven-shared-utils-3.2.1.jar:/Users/azarkabeer/.m2/repository/commons-io/commons-io/2.5/commons-io-2.5.jar:/Users/azarkabeer/.m2/repository/org/apache/maven/shared/maven-shared-incremental/1.1/maven-shared-incremental-1.1.jar:/Users/azarkabeer/.m2/repository/org/codehaus/plexus/plexus-java/0.9.10/plexus-java-0.9.10.jar:/Users/azarkabeer/.m2/repository/org/ow2/asm/asm/6.2/asm-6.2.jar:/Users/azarkabeer/.m2/repository/com/thoughtworks/qdox/qdox/2.0-M8/qdox-2.0-M8.jar:/Users/azarkabeer/.m2/repository/org/codehaus/plexus/plexus-compiler-api/2.8.4/plexus-compiler-api-2.8.4.jar:/Users/azarkabeer/.m2/repository/org/codehaus/plexus/plexus-compiler-manager/2.8.4/plexus-compiler-manager-2.8.4.jar:/Users/azarkabeer/.m2/repository/org/codehaus/plexus/plexus-compiler-javac/2.8.4/plexus-compiler-javac-2.8.4.jar:"/>
    <property name="java.vm.vendor" value="AdoptOpenJDK"/>
    <property name="sun.arch.data.model" value="64"/>
    <property name="java.vendor.url" value="https://adoptopenjdk.net/"/>
    <property name="user.timezone" value="America/Chicago"/>
    <property name="java.vm.specification.version" value="11"/>
    <property name="os.name" value="Mac OS X"/>
    <property name="sun.java.launcher" value="SUN_STANDARD"/>
    <property name="user.country" value="US"/>
    <property name="sun.boot.library.path" value="/Users/azarkabeer/.sdkman/candidates/java/11.0.6.hs-adpt/lib"/>
    <property name="sun.java.command" value="/Users/azarkabeer/Documents/LinkedIn/target/surefire/surefirebooter14724138628869178274.jar /Users/azarkabeer/Documents/LinkedIn/target/surefire 2020-05-19T23-42-27_082-jvmRun1 surefire14773731035057198217tmp surefire_016763686711029808886tmp"/>
    <property name="http.nonProxyHosts" value="local|*.local|169.254/16|*.169.254/16"/>
    <property name="jdk.debug" value="release"/>
    <property name="surefire.test.class.path" value="/Users/azarkabeer/Documents/LinkedIn/target/test-classes:/Users/azarkabeer/Documents/LinkedIn/target/classes:/Users/azarkabeer/.m2/repository/org/seleniumhq/selenium/selenium-java/3.141.59/selenium-java-3.141.59.jar:/Users/azarkabeer/.m2/repository/org/seleniumhq/selenium/selenium-api/3.141.59/selenium-api-3.141.59.jar:/Users/azarkabeer/.m2/repository/org/seleniumhq/selenium/selenium-chrome-driver/3.141.59/selenium-chrome-driver-3.141.59.jar:/Users/azarkabeer/.m2/repository/org/seleniumhq/selenium/selenium-edge-driver/3.141.59/selenium-edge-driver-3.141.59.jar:/Users/azarkabeer/.m2/repository/org/seleniumhq/selenium/selenium-firefox-driver/3.141.59/selenium-firefox-driver-3.141.59.jar:/Users/azarkabeer/.m2/repository/org/seleniumhq/selenium/selenium-ie-driver/3.141.59/selenium-ie-driver-3.141.59.jar:/Users/azarkabeer/.m2/repository/org/seleniumhq/selenium/selenium-opera-driver/3.141.59/selenium-opera-driver-3.141.59.jar:/Users/azarkabeer/.m2/repository/org/seleniumhq/selenium/selenium-remote-driver/3.141.59/selenium-remote-driver-3.141.59.jar:/Users/azarkabeer/.m2/repository/org/seleniumhq/selenium/selenium-safari-driver/3.141.59/selenium-safari-driver-3.141.59.jar:/Users/azarkabeer/.m2/repository/org/seleniumhq/selenium/selenium-support/3.141.59/selenium-support-3.141.59.jar:/Users/azarkabeer/.m2/repository/net/bytebuddy/byte-buddy/1.8.15/byte-buddy-1.8.15.jar:/Users/azarkabeer/.m2/repository/org/apache/commons/commons-exec/1.3/commons-exec-1.3.jar:/Users/azarkabeer/.m2/repository/com/google/guava/guava/25.0-jre/guava-25.0-jre.jar:/Users/azarkabeer/.m2/repository/com/google/code/findbugs/jsr305/1.3.9/jsr305-1.3.9.jar:/Users/azarkabeer/.m2/repository/org/checkerframework/checker-compat-qual/2.0.0/checker-compat-qual-2.0.0.jar:/Users/azarkabeer/.m2/repository/com/google/errorprone/error_prone_annotations/2.1.3/error_prone_annotations-2.1.3.jar:/Users/azarkabeer/.m2/repository/com/google/j2objc/j2objc-annotations/1.1/j2objc-annotations-1.1.jar:/Users/azarkabeer/.m2/repository/org/codehaus/mojo/animal-sniffer-annotations/1.14/animal-sniffer-annotations-1.14.jar:/Users/azarkabeer/.m2/repository/com/squareup/okhttp3/okhttp/3.11.0/okhttp-3.11.0.jar:/Users/azarkabeer/.m2/repository/com/squareup/okio/okio/1.14.0/okio-1.14.0.jar:/Users/azarkabeer/.m2/repository/org/testng/testng/6.14.3/testng-6.14.3.jar:/Users/azarkabeer/.m2/repository/com/beust/jcommander/1.72/jcommander-1.72.jar:/Users/azarkabeer/.m2/repository/org/apache-extras/beanshell/bsh/2.0b6/bsh-2.0b6.jar:/Users/azarkabeer/.m2/repository/junit/junit/4.12/junit-4.12.jar:/Users/azarkabeer/.m2/repository/org/hamcrest/hamcrest-core/1.3/hamcrest-core-1.3.jar:/Users/azarkabeer/.m2/repository/log4j/log4j/1.2.17/log4j-1.2.17.jar:/Users/azarkabeer/.m2/repository/com/aventstack/extentreports/4.1.5/extentreports-4.1.5.jar:/Users/azarkabeer/.m2/repository/org/freemarker/freemarker/2.3.29/freemarker-2.3.29.jar:/Users/azarkabeer/.m2/repository/org/apache/httpcomponents/httpclient/4.5.2/httpclient-4.5.2.jar:/Users/azarkabeer/.m2/repository/org/apache/httpcomponents/httpcore/4.4.4/httpcore-4.4.4.jar:/Users/azarkabeer/.m2/repository/commons-logging/commons-logging/1.2/commons-logging-1.2.jar:/Users/azarkabeer/.m2/repository/commons-codec/commons-codec/1.9/commons-codec-1.9.jar:/Users/azarkabeer/.m2/repository/org/apache/httpcomponents/httpmime/4.5.2/httpmime-4.5.2.jar:/Users/azarkabeer/.m2/repository/com/google/code/gson/gson/2.8.6/gson-2.8.6.jar:/Users/azarkabeer/.m2/repository/org/mongodb/mongodb-driver/3.12.0/mongodb-driver-3.12.0.jar:/Users/azarkabeer/.m2/repository/org/mongodb/mongodb-driver-core/3.12.0/mongodb-driver-core-3.12.0.jar:/Users/azarkabeer/.m2/repository/org/mongodb/bson/3.12.0/bson-3.12.0.jar:/Users/azarkabeer/.m2/repository/org/apache/maven/plugins/maven-compiler-plugin/3.8.0/maven-compiler-plugin-3.8.0.jar:/Users/azarkabeer/.m2/repository/org/apache/maven/maven-plugin-api/3.0/maven-plugin-api-3.0.jar:/Users/azarkabeer/.m2/repository/org/apache/maven/maven-model/3.0/maven-model-3.0.jar:/Users/azarkabeer/.m2/repository/org/sonatype/sisu/sisu-inject-plexus/1.4.2/sisu-inject-plexus-1.4.2.jar:/Users/azarkabeer/.m2/repository/org/sonatype/sisu/sisu-inject-bean/1.4.2/sisu-inject-bean-1.4.2.jar:/Users/azarkabeer/.m2/repository/org/sonatype/sisu/sisu-guice/2.1.7/sisu-guice-2.1.7-noaop.jar:/Users/azarkabeer/.m2/repository/org/apache/maven/maven-artifact/3.0/maven-artifact-3.0.jar:/Users/azarkabeer/.m2/repository/org/codehaus/plexus/plexus-utils/2.0.4/plexus-utils-2.0.4.jar:/Users/azarkabeer/.m2/repository/org/apache/maven/maven-core/3.0/maven-core-3.0.jar:/Users/azarkabeer/.m2/repository/org/apache/maven/maven-settings/3.0/maven-settings-3.0.jar:/Users/azarkabeer/.m2/repository/org/apache/maven/maven-settings-builder/3.0/maven-settings-builder-3.0.jar:/Users/azarkabeer/.m2/repository/org/apache/maven/maven-repository-metadata/3.0/maven-repository-metadata-3.0.jar:/Users/azarkabeer/.m2/repository/org/apache/maven/maven-model-builder/3.0/maven-model-builder-3.0.jar:/Users/azarkabeer/.m2/repository/org/apache/maven/maven-aether-provider/3.0/maven-aether-provider-3.0.jar:/Users/azarkabeer/.m2/repository/org/sonatype/aether/aether-impl/1.7/aether-impl-1.7.jar:/Users/azarkabeer/.m2/repository/org/sonatype/aether/aether-spi/1.7/aether-spi-1.7.jar:/Users/azarkabeer/.m2/repository/org/sonatype/aether/aether-api/1.7/aether-api-1.7.jar:/Users/azarkabeer/.m2/repository/org/sonatype/aether/aether-util/1.7/aether-util-1.7.jar:/Users/azarkabeer/.m2/repository/org/codehaus/plexus/plexus-interpolation/1.14/plexus-interpolation-1.14.jar:/Users/azarkabeer/.m2/repository/org/codehaus/plexus/plexus-classworlds/2.2.3/plexus-classworlds-2.2.3.jar:/Users/azarkabeer/.m2/repository/org/codehaus/plexus/plexus-component-annotations/1.5.5/plexus-component-annotations-1.5.5.jar:/Users/azarkabeer/.m2/repository/org/sonatype/plexus/plexus-sec-dispatcher/1.3/plexus-sec-dispatcher-1.3.jar:/Users/azarkabeer/.m2/repository/org/sonatype/plexus/plexus-cipher/1.4/plexus-cipher-1.4.jar:/Users/azarkabeer/.m2/repository/org/apache/maven/shared/maven-shared-utils/3.2.1/maven-shared-utils-3.2.1.jar:/Users/azarkabeer/.m2/repository/commons-io/commons-io/2.5/commons-io-2.5.jar:/Users/azarkabeer/.m2/repository/org/apache/maven/shared/maven-shared-incremental/1.1/maven-shared-incremental-1.1.jar:/Users/azarkabeer/.m2/repository/org/codehaus/plexus/plexus-java/0.9.10/plexus-java-0.9.10.jar:/Users/azarkabeer/.m2/repository/org/ow2/asm/asm/6.2/asm-6.2.jar:/Users/azarkabeer/.m2/repository/com/thoughtworks/qdox/qdox/2.0-M8/qdox-2.0-M8.jar:/Users/azarkabeer/.m2/repository/org/codehaus/plexus/plexus-compiler-api/2.8.4/plexus-compiler-api-2.8.4.jar:/Users/azarkabeer/.m2/repository/org/codehaus/plexus/plexus-compiler-manager/2.8.4/plexus-compiler-manager-2.8.4.jar:/Users/azarkabeer/.m2/repository/org/codehaus/plexus/plexus-compiler-javac/2.8.4/plexus-compiler-javac-2.8.4.jar:"/>
    <property name="sun.cpu.endian" value="little"/>
    <property name="user.home" value="/Users/azarkabeer"/>
    <property name="user.language" value="en"/>
    <property name="java.specification.vendor" value="Oracle Corporation"/>
    <property name="java.version.date" value="2020-01-14"/>
    <property name="java.home" value="/Users/azarkabeer/.sdkman/candidates/java/11.0.6.hs-adpt"/>
    <property name="file.separator" value="/"/>
    <property name="basedir" value="/Users/azarkabeer/Documents/LinkedIn"/>
    <property name="java.vm.compressedOopsMode" value="Zero based"/>
    <property name="line.separator" value="&#10;"/>
    <property name="java.specification.name" value="Java Platform API Specification"/>
    <property name="java.vm.specification.vendor" value="Oracle Corporation"/>
    <property name="java.awt.graphicsenv" value="sun.awt.CGraphicsEnvironment"/>
    <property name="surefire.real.class.path" value="/Users/azarkabeer/Documents/LinkedIn/target/surefire/surefirebooter14724138628869178274.jar"/>
    <property name="sun.management.compiler" value="HotSpot 64-Bit Tiered Compilers"/>
    <property name="ftp.nonProxyHosts" value="local|*.local|169.254/16|*.169.254/16"/>
    <property name="java.runtime.version" value="11.0.6+10"/>
    <property name="user.name" value="azarkabeer"/>
    <property name="path.separator" value=":"/>
    <property name="os.version" value="10.14.6"/>
    <property name="java.runtime.name" value="OpenJDK Runtime Environment"/>
    <property name="file.encoding" value="UTF-8"/>
    <property name="java.vm.name" value="OpenJDK 64-Bit Server VM"/>
    <property name="java.vendor.version" value="AdoptOpenJDK"/>
    <property name="localRepository" value="/Users/azarkabeer/.m2/repository"/>
    <property name="java.vendor.url.bug" value="https://github.com/AdoptOpenJDK/openjdk-support/issues"/>
    <property name="java.io.tmpdir" value="/var/folders/wn/jwbblhns1kq6n6ddy6ht_qd40000gn/T/"/>
    <property name="java.version" value="11.0.6"/>
    <property name="user.dir" value="/Users/azarkabeer/Documents/LinkedIn"/>
    <property name="os.arch" value="x86_64"/>
    <property name="java.vm.specification.name" value="Java Virtual Machine Specification"/>
    <property name="java.awt.printerjob" value="sun.lwawt.macosx.CPrinterJob"/>
    <property name="sun.os.patch.level" value="unknown"/>
    <property name="java.library.path" value="/Users/azarkabeer/Library/Java/Extensions:/Library/Java/Extensions:/Network/Library/Java/Extensions:/System/Library/Java/Extensions:/usr/lib/java:."/>
    <property name="java.vendor" value="AdoptOpenJDK"/>
    <property name="java.vm.info" value="mixed mode"/>
    <property name="java.vm.version" value="11.0.6+10"/>
    <property name="sun.io.unicode.encoding" value="UnicodeBig"/>
    <property name="java.class.version" value="55.0"/>
    <property name="socksNonProxyHosts" value="local|*.local|169.254/16|*.169.254/16"/>
  </properties>
  <testcase name="print" classname="com.linkedin.testcases.TC_logintest" time="0.003"/>
  <testcase name="fail" classname="com.linkedin.testcases.TC_logintest" time="0.011">
    <failure message="expected [2] but found [1]" type="java.lang.AssertionError"><![CDATA[java.lang.AssertionError: expected [2] but found [1]
	at com.linkedin.testcases.TC_logintest.fail(TC_logintest.java:35)
]]></failure>
    <system-out><![CDATA[Test started
To check failed test cases
Test Failed
]]></system-out>
  </testcase>
</testsuite>